-------------------------------------------------------------------------------
Test set: com.QA.base.TestGenerateurDriverInit
-------------------------------------------------------------------------------
Tests run: 1, Failures: 1, Errors: 0, Skipped: 0, Time elapsed: 70.287 s <<< FAILURE! - in com.QA.base.TestGenerateurDriverInit
Modification News(News)  Time elapsed: 68.463 s  <<< FAILURE!
org.junit.ComparisonFailure: expected:<[Titre News modifiÃ©]> but was:<[]>

